#
# A fatal error has been detected by the Java Runtime Environment:
#
#  SIGSEGV (0xb) at pc=0x0000000110e32d10, pid=4685, tid=16387
#
# JRE version: Java(TM) SE Runtime Environment (8.0_45-b14) (build 1.8.0_45-b14)
# Java VM: Java HotSpot(TM) 64-Bit Server VM (25.45-b02 mixed mode bsd-amd64 compressed oops)
# Problematic frame:
# V  [libjvm.dylib+0x432d10]  Method::checked_resolve_jmethod_id(_jmethodID*)+0xe
#
# Failed to write core dump. Core dumps have been disabled. To enable core dumping, try "ulimit -c unlimited" before starting Java again
#
# If you would like to submit a bug report, please visit:
#   http://bugreport.java.com/bugreport/crash.jsp
#

---------------  T H R E A D  ---------------

Current thread (0x00007ffc42045800):  JavaThread "JDWP Transport Listener: dt_socket" daemon [_thread_in_vm, id=16387, stack(0x0000000126e14000,0x0000000126f14000)]

siginfo: si_signo: 11 (SIGSEGV), si_code: 0 (unknown), si_addr: 0x0000000000000000

Registers:
RAX=0x0000000000000001, RBX=0x0000000126f13a8b, RCX=0x00000001111fa190, RDX=0x0000000126f13a8b
RSP=0x0000000126f139d0, RBP=0x0000000126f139e0, RSI=0x00007ffc42045800, RDI=0xd000000000003b73
R8 =0x0000000000000000, R9 =0x00007ffc41700000, R10=0x0000000000000010, R11=0x00007ffc41700000
R12=0x00007ffc42045800, R13=0xd000000000003b73, R14=0xd000000000003b73, R15=0x00007ffc41600590
RIP=0x0000000110e32d10, EFLAGS=0x0000000000010282, ERR=0x0000000000000000
  TRAPNO=0x000000000000000d

Top of Stack: (sp=0x0000000126f139d0)
0x0000000126f139d0:   0000000126f13a8b 0000000126f13a8b
0x0000000126f139e0:   0000000126f13a40 0000000110d430d6
0x0000000126f139f0:   00007ffc42045800 0000000000000000
0x0000000126f13a00:   0000000000000000 0000000000000000
0x0000000126f13a10:   00007ffc42045800 00007ffc42045800
0x0000000126f13a20:   0000000126f13a8b 0000000126f13a90
0x0000000126f13a30:   d000000000003b73 0000000000000004
0x0000000126f13a40:   0000000126f13a60 00000001101b1780
0x0000000126f13a50:   0000000000000001 0000000126f13b08
0x0000000126f13a60:   0000000126f13ad0 00000001101961f3
0x0000000126f13a70:   0000000126f13aa0 00007ffc41702f10
0x0000000126f13a80:   0000000500000032 0000000a00f13b08
0x0000000126f13a90:   0000000000000000 0000000000000000
0x0000000126f13aa0:   0000000000000000 0000000126f13c90
0x0000000126f13ab0:   00000001101b8e7a 00007ffc41620fd0
0x0000000126f13ac0:   0000000126f13b08 00000001101c4598
0x0000000126f13ad0:   0000000126f13ae0 00000001101962ec
0x0000000126f13ae0:   0000000126f13d00 000000011019f898
0x0000000126f13af0:   000020c600000013 00000000000f0200
0x0000000126f13b00:   00007ffc41625440 0000000126f13c19
0x0000000126f13b10:   00007ffc0000006b 0000000126f13b20
0x0000000126f13b20:   00007ffc000000c1 0000000126f13b58
0x0000000126f13b30:   0000000000000000 0000000000000000
0x0000000126f13b40:   000020c60000001c 0000000100003b80
0x0000000126f13b50:   0000000126f13b58 fc7f000005000000
0x0000000126f13b60:   0c000000e02b6241 65636e6174736964
0x0000000126f13b70:   1d0000006e755332 7572672f73734c28
0x0000000126f13b80:   65646f6d2f336f70 6369747261502f6c
0x0000000126f13b90:   00000044293b656c 7f00000a00000000
0x0000000126f13ba0:   000000c82b6241fc 003e74696e693c06
0x0000000126f13bb0:   0000562928030000 0000010000000000
0x0000000126f13bc0:   0000d82b6241fc7f 0000006e75720300 

Instructions: (pc=0x0000000110e32d10)
0x0000000110e32cf0:   40 48 48 85 c0 75 e0 30 c0 0f b6 c0 5d c3 31 c0
0x0000000110e32d00:   5d c3 55 48 89 e5 53 48 83 ec 08 48 85 ff 74 24
0x0000000110e32d10:   48 8b 1f 48 85 db 74 1c 48 83 fb 37 74 16 48 8b
0x0000000110e32d20:   03 48 89 df ff 50 10 84 c0 b8 00 00 00 00 48 0f 

Register to memory mapping:

RAX=0x0000000000000001 is an unknown value
RBX=0x0000000126f13a8b is pointing into the stack for thread: 0x00007ffc42045800
RCX=0x00000001111fa190: UseMembar+0 in /Library/Java/JavaVirtualMachines/jdk1.8.0_45.jdk/Contents/Home/jre/lib/server/libjvm.dylib at 0x0000000110a00000
RDX=0x0000000126f13a8b is pointing into the stack for thread: 0x00007ffc42045800
RSP=0x0000000126f139d0 is pointing into the stack for thread: 0x00007ffc42045800
RBP=0x0000000126f139e0 is pointing into the stack for thread: 0x00007ffc42045800
RSI=0x00007ffc42045800 is a thread
RDI=0xd000000000003b73 is an unknown value
R8 =0x0000000000000000 is an unknown value
R9 =0x00007ffc41700000 is an unknown value
R10=0x0000000000000010 is an unknown value
R11=0x00007ffc41700000 is an unknown value
R12=0x00007ffc42045800 is a thread
R13=0xd000000000003b73 is an unknown value
R14=0xd000000000003b73 is an unknown value
R15=0x00007ffc41600590 is an unknown value


Stack: [0x0000000126e14000,0x0000000126f14000],  sp=0x0000000126f139d0,  free space=1022k
Native frames: (J=compiled Java code, j=interpreted, Vv=VM code, C=native code)
V  [libjvm.dylib+0x432d10]  Method::checked_resolve_jmethod_id(_jmethodID*)+0xe
V  [libjvm.dylib+0x3430d6]  jvmti_IsMethodSynthetic+0xb2
C  [libjdwp.dylib+0x20780]  isMethodSynthetic+0x63
C  [libjdwp.dylib+0x51f3]  methods1+0x10b
C  [libjdwp.dylib+0x52ec]  methodsWithGeneric+0xe
C  [libjdwp.dylib+0xe898]  debugLoop_run+0x1ce
C  [libjdwp.dylib+0x1f6ba]  attachThread+0x4d
V  [libjvm.dylib+0x38401c]  JvmtiAgentThread::call_start_function()+0x38
V  [libjvm.dylib+0x549acf]  JavaThread::thread_main_inner()+0x9b
V  [libjvm.dylib+0x54b1c0]  JavaThread::run()+0x1c2
V  [libjvm.dylib+0x46ea7e]  java_start(Thread*)+0xf6
C  [libsystem_pthread.dylib+0x405a]  _pthread_body+0x83
C  [libsystem_pthread.dylib+0x3fd7]  _pthread_body+0x0
C  [libsystem_pthread.dylib+0x13ed]  thread_start+0xd
C  0x0000000000000000


---------------  P R O C E S S  ---------------

Java Threads: ( => current thread )
  0x00007ffc41814800 JavaThread "Service Thread" daemon [_thread_blocked, id=19459, stack(0x0000000127426000,0x0000000127526000)]
  0x00007ffc42047000 JavaThread "C1 CompilerThread2" daemon [_thread_blocked, id=18947, stack(0x0000000127323000,0x0000000127423000)]
  0x00007ffc42046800 JavaThread "C2 CompilerThread1" daemon [_thread_blocked, id=18435, stack(0x0000000127220000,0x0000000127320000)]
  0x00007ffc4300a000 JavaThread "C2 CompilerThread0" daemon [_thread_blocked, id=17923, stack(0x000000012711d000,0x000000012721d000)]
  0x00007ffc41813800 JavaThread "JDWP Command Reader" daemon [_thread_in_native, id=17411, stack(0x000000012701a000,0x000000012711a000)]
  0x00007ffc43000800 JavaThread "JDWP Event Helper Thread" daemon [_thread_blocked, id=16899, stack(0x0000000126f17000,0x0000000127017000)]
=>0x00007ffc42045800 JavaThread "JDWP Transport Listener: dt_socket" daemon [_thread_in_vm, id=16387, stack(0x0000000126e14000,0x0000000126f14000)]
  0x00007ffc42035000 JavaThread "Signal Dispatcher" daemon [_thread_blocked, id=12307, stack(0x0000000126d0a000,0x0000000126e0a000)]
  0x00007ffc41808000 JavaThread "Finalizer" daemon [_thread_blocked, id=11523, stack(0x0000000125375000,0x0000000125475000)]
  0x00007ffc42008000 JavaThread "Reference Handler" daemon [_thread_blocked, id=11011, stack(0x0000000125272000,0x0000000125372000)]
  0x00007ffc42803000 JavaThread "main" [_thread_blocked, id=4867, stack(0x000000011004b000,0x000000011014b000)]

Other Threads:
  0x00007ffc42847800 VMThread [stack: 0x000000012516f000,0x000000012526f000] [id=10499]
  0x00007ffc4180a800 WatcherThread [stack: 0x0000000127529000,0x0000000127629000] [id=19971]

VM state:not at safepoint (normal execution)

VM Mutex/Monitor currently owned by a thread: None

Heap:
 PSYoungGen      total 18944K, used 2310K [0x00000007aab00000, 0x00000007ac000000, 0x00000007c0000000)
  eden space 16384K, 14% used [0x00000007aab00000,0x00000007aad41910,0x00000007abb00000)
  from space 2560K, 0% used [0x00000007abd80000,0x00000007abd80000,0x00000007ac000000)
  to   space 2560K, 0% used [0x00000007abb00000,0x00000007abb00000,0x00000007abd80000)
 ParOldGen       total 44032K, used 0K [0x0000000780000000, 0x0000000782b00000, 0x00000007aab00000)
  object space 44032K, 0% used [0x0000000780000000,0x0000000780000000,0x0000000782b00000)
 Metaspace       used 2996K, capacity 4568K, committed 4864K, reserved 1056768K
  class space    used 319K, capacity 392K, committed 512K, reserved 1048576K

Card table byte_map: [0x0000000120d29000,0x0000000120f2a000] byte_map_base: 0x000000011d129000

Marking Bits: (ParMarkBitMap*) 0x00000001112c27a0
 Begin Bits: [0x000000012148c000, 0x000000012248c000)
 End Bits:   [0x000000012248c000, 0x000000012348c000)

Polling page: 0x0000000110190000

CodeCache: size=245760Kb used=1201Kb max_used=1210Kb free=244558Kb
 bounds [0x0000000111969000, 0x0000000111bd9000, 0x0000000120969000]
 total_blobs=310 nmethods=69 adapters=163
 compilation: enabled

Compilation events (10 events):
Event: 35.344 Thread 0x00007ffc42046800   65       4       java.lang.String::hashCode (55 bytes)
Event: 35.348 Thread 0x00007ffc42047000   66       1       java.net.URL::getHost (5 bytes)
Event: 35.348 Thread 0x00007ffc42047000 nmethod 66 0x0000000111a97950 code [0x0000000111a97aa0, 0x0000000111a97bb0]
Event: 35.348 Thread 0x00007ffc42046800 nmethod 65 0x0000000111a97c10 code [0x0000000111a97d60, 0x0000000111a97ef8]
Event: 35.357 Thread 0x00007ffc42047000   67       3       java.lang.AbstractStringBuilder::<init> (12 bytes)
Event: 35.358 Thread 0x00007ffc42047000 nmethod 67 0x0000000111a974d0 code [0x0000000111a97640, 0x0000000111a97890]
Event: 35.358 Thread 0x00007ffc42047000   68       3       java.lang.ThreadLocal::getMap (5 bytes)
Event: 35.358 Thread 0x00007ffc42047000 nmethod 68 0x0000000111a97150 code [0x0000000111a972c0, 0x0000000111a97410]
Event: 35.358 Thread 0x00007ffc42047000   69       1       java.lang.ThreadLocal::access$400 (5 bytes)
Event: 35.358 Thread 0x00007ffc42047000 nmethod 69 0x0000000111a96e90 code [0x0000000111a96fe0, 0x0000000111a970d0]

GC Heap History (0 events):
No events

Deoptimization events (0 events):
No events

Internal exceptions (10 events):
Event: 0.367 Thread 0x00007ffc42803000 Exception <a 'java/security/PrivilegedActionException'> (0x00000007aacc5230) thrown at [/Users/java_re/workspace/8-2-build-macosx-x86_64/jdk8u45/3457/hotspot/src/share/vm/prims/jvm.cpp, line 1382]
Event: 0.369 Thread 0x00007ffc42803000 Exception <a 'java/util/zip/ZipException'> (0x00000007aacc5f58) thrown at [/Users/java_re/workspace/8-2-build-macosx-x86_64/jdk8u45/3457/hotspot/src/share/vm/prims/jni.cpp, line 709]
Event: 0.369 Thread 0x00007ffc42803000 Exception <a 'java/security/PrivilegedActionException'> (0x00000007aacc6108) thrown at [/Users/java_re/workspace/8-2-build-macosx-x86_64/jdk8u45/3457/hotspot/src/share/vm/prims/jvm.cpp, line 1382]
Event: 0.369 Thread 0x00007ffc42803000 Exception <a 'java/security/PrivilegedActionException'> (0x00000007aacc62c0) thrown at [/Users/java_re/workspace/8-2-build-macosx-x86_64/jdk8u45/3457/hotspot/src/share/vm/prims/jvm.cpp, line 1382]
Event: 0.371 Thread 0x00007ffc42803000 Exception <a 'java/util/zip/ZipException'> (0x00000007aacc70a0) thrown at [/Users/java_re/workspace/8-2-build-macosx-x86_64/jdk8u45/3457/hotspot/src/share/vm/prims/jni.cpp, line 709]
Event: 0.371 Thread 0x00007ffc42803000 Exception <a 'java/security/PrivilegedActionException'> (0x00000007aacc7250) thrown at [/Users/java_re/workspace/8-2-build-macosx-x86_64/jdk8u45/3457/hotspot/src/share/vm/prims/jvm.cpp, line 1382]
Event: 0.371 Thread 0x00007ffc42803000 Exception <a 'java/security/PrivilegedActionException'> (0x00000007aacc7408) thrown at [/Users/java_re/workspace/8-2-build-macosx-x86_64/jdk8u45/3457/hotspot/src/share/vm/prims/jvm.cpp, line 1382]
Event: 0.375 Thread 0x00007ffc42803000 Exception <a 'java/util/zip/ZipException'> (0x00000007aacd8f40) thrown at [/Users/java_re/workspace/8-2-build-macosx-x86_64/jdk8u45/3457/hotspot/src/share/vm/prims/jni.cpp, line 709]
Event: 0.375 Thread 0x00007ffc42803000 Exception <a 'java/security/PrivilegedActionException'> (0x00000007aacd90f0) thrown at [/Users/java_re/workspace/8-2-build-macosx-x86_64/jdk8u45/3457/hotspot/src/share/vm/prims/jvm.cpp, line 1382]
Event: 0.375 Thread 0x00007ffc42803000 Exception <a 'java/security/PrivilegedActionException'> (0x00000007aacd92a8) thrown at [/Users/java_re/workspace/8-2-build-macosx-x86_64/jdk8u45/3457/hotspot/src/share/vm/prims/jvm.cpp, line 1382]

Events (10 events):
Event: 226.147 Executing VM operation: GetOrSetLocal
Event: 226.147 Executing VM operation: GetOrSetLocal done
Event: 226.160 Executing VM operation: GetOrSetLocal
Event: 226.160 Executing VM operation: GetOrSetLocal done
Event: 226.161 Executing VM operation: GetOrSetLocal
Event: 226.161 Executing VM operation: GetOrSetLocal done
Event: 226.161 Executing VM operation: GetOrSetLocal
Event: 226.161 Executing VM operation: GetOrSetLocal done
Event: 511.654 Executing VM operation: RedefineClasses
Event: 511.657 Executing VM operation: RedefineClasses done


Dynamic libraries:
0x00000000067f5000 	/System/Library/Frameworks/Cocoa.framework/Versions/A/Cocoa
0x00000000067f5000 	/System/Library/Frameworks/Security.framework/Versions/A/Security
0x00000000067f5000 	/System/Library/Frameworks/ApplicationServices.framework/Versions/A/ApplicationServices
0x00000000067f5000 	/usr/lib/libz.1.dylib
0x00000000067f5000 	/usr/lib/libSystem.B.dylib
0x00000000067f5000 	/usr/lib/libobjc.A.dylib
0x00000000067f5000 	/System/Library/Frameworks/CoreFoundation.framework/Versions/A/CoreFoundation
0x00000000067f5000 	/System/Library/Frameworks/Foundation.framework/Versions/C/Foundation
0x00000000067f5000 	/System/Library/Frameworks/AppKit.framework/Versions/C/AppKit
0x00000000067f5000 	/System/Library/Frameworks/CoreData.framework/Versions/A/CoreData
0x00000000067f5000 	/System/Library/PrivateFrameworks/RemoteViewServices.framework/Versions/A/RemoteViewServices
0x00000000067f5000 	/System/Library/PrivateFrameworks/UIFoundation.framework/Versions/A/UIFoundation
0x00000000067f5000 	/System/Library/Frameworks/IOSurface.framework/Versions/A/IOSurface
0x00000000067f5000 	/System/Library/Frameworks/AudioToolbox.framework/Versions/A/AudioToolbox
0x00000000067f5000 	/System/Library/Frameworks/AudioUnit.framework/Versions/A/AudioUnit
0x00000000067f5000 	/System/Library/PrivateFrameworks/DataDetectorsCore.framework/Versions/A/DataDetectorsCore
0x00000000067f5000 	/System/Library/PrivateFrameworks/DesktopServicesPriv.framework/Versions/A/DesktopServicesPriv
0x00000000067f5000 	/System/Library/Frameworks/Carbon.framework/Versions/A/Frameworks/HIToolbox.framework/Versions/A/HIToolbox
0x00000000067f5000 	/System/Library/Frameworks/QuartzCore.framework/Versions/A/QuartzCore
0x00000000067f5000 	/System/Library/Frameworks/Carbon.framework/Versions/A/Frameworks/SpeechRecognition.framework/Versions/A/SpeechRecognition
0x00000000067f5000 	/usr/lib/libauto.dylib
0x00000000067f5000 	/usr/lib/libicucore.A.dylib
0x00000000067f5000 	/usr/lib/libxml2.2.dylib
0x00000000067f5000 	/System/Library/PrivateFrameworks/CoreUI.framework/Versions/A/CoreUI
0x00000000067f5000 	/System/Library/Frameworks/CoreAudio.framework/Versions/A/CoreAudio
0x00000000067f5000 	/System/Library/Frameworks/DiskArbitration.framework/Versions/A/DiskArbitration
0x00000000067f5000 	/usr/lib/liblangid.dylib
0x00000000067f5000 	/System/Library/PrivateFrameworks/MultitouchSupport.framework/Versions/A/MultitouchSupport
0x00000000067f5000 	/System/Library/Frameworks/IOKit.framework/Versions/A/IOKit
0x00000000067f5000 	/usr/lib/libDiagnosticMessagesClient.dylib
0x00000000067f5000 	/System/Library/Frameworks/CoreServices.framework/Versions/A/CoreServices
0x00000000067f5000 	/System/Library/PrivateFrameworks/PerformanceAnalysis.framework/Versions/A/PerformanceAnalysis
0x00000000067f5000 	/System/Library/PrivateFrameworks/GenerationalStorage.framework/Versions/A/GenerationalStorage
0x00000000067f5000 	/System/Library/Frameworks/OpenGL.framework/Versions/A/OpenGL
0x00000000067f5000 	/System/Library/PrivateFrameworks/Sharing.framework/Versions/A/Sharing
0x00000000067f5000 	/System/Library/Frameworks/CoreGraphics.framework/Versions/A/CoreGraphics
0x00000000067f5000 	/System/Library/Frameworks/CoreText.framework/Versions/A/CoreText
0x00000000067f5000 	/System/Library/Frameworks/ImageIO.framework/Versions/A/ImageIO
0x00000000067f5000 	/usr/lib/libextension.dylib
0x00000000067f5000 	/System/Library/PrivateFrameworks/Backup.framework/Versions/A/Backup
0x00000000067f5000 	/usr/lib/libarchive.2.dylib
0x00000000067f5000 	/System/Library/Frameworks/CFNetwork.framework/Versions/A/CFNetwork
0x00000000067f5000 	/System/Library/Frameworks/SystemConfiguration.framework/Versions/A/SystemConfiguration
0x00000000067f5000 	/usr/lib/libCRFSuite.dylib
0x00000000067f5000 	/usr/lib/libc++.1.dylib
0x00000000067f5000 	/usr/lib/libc++abi.dylib
0x00000000067f5000 	/usr/lib/system/libcache.dylib
0x00000000067f5000 	/usr/lib/system/libcommonCrypto.dylib
0x00000000067f5000 	/usr/lib/system/libcompiler_rt.dylib
0x00000000067f5000 	/usr/lib/system/libcopyfile.dylib
0x00000000067f5000 	/usr/lib/system/libcorecrypto.dylib
0x00000000067f5000 	/usr/lib/system/libdispatch.dylib
0x00000000067f5000 	/usr/lib/system/libdyld.dylib
0x00000000067f5000 	/usr/lib/system/libkeymgr.dylib
0x00000000067f5000 	/usr/lib/system/liblaunch.dylib
0x00000000067f5000 	/usr/lib/system/libmacho.dylib
0x00000000067f5000 	/usr/lib/system/libquarantine.dylib
0x00000000067f5000 	/usr/lib/system/libremovefile.dylib
0x00000000067f5000 	/usr/lib/system/libsystem_asl.dylib
0x00000000067f5000 	/usr/lib/system/libsystem_blocks.dylib
0x00000000067f5000 	/usr/lib/system/libsystem_c.dylib
0x00000000067f5000 	/usr/lib/system/libsystem_configuration.dylib
0x00000000067f5000 	/usr/lib/system/libsystem_coreservices.dylib
0x00000000067f5000 	/usr/lib/system/libsystem_coretls.dylib
0x00000000067f5000 	/usr/lib/system/libsystem_dnssd.dylib
0x00000000067f5000 	/usr/lib/system/libsystem_info.dylib
0x00000000067f5000 	/usr/lib/system/libsystem_kernel.dylib
0x00000000067f5000 	/usr/lib/system/libsystem_m.dylib
0x00000000067f5000 	/usr/lib/system/libsystem_malloc.dylib
0x00000000067f5000 	/usr/lib/system/libsystem_network.dylib
0x00000000067f5000 	/usr/lib/system/libsystem_networkextension.dylib
0x00000000067f5000 	/usr/lib/system/libsystem_notify.dylib
0x00000000067f5000 	/usr/lib/system/libsystem_platform.dylib
0x00000000067f5000 	/usr/lib/system/libsystem_pthread.dylib
0x00000000067f5000 	/usr/lib/system/libsystem_sandbox.dylib
0x00000000067f5000 	/usr/lib/system/libsystem_secinit.dylib
0x00000000067f5000 	/usr/lib/system/libsystem_stats.dylib
0x00000000067f5000 	/usr/lib/system/libsystem_trace.dylib
0x00000000067f5000 	/usr/lib/system/libunc.dylib
0x00000000067f5000 	/usr/lib/system/libunwind.dylib
0x00000000067f5000 	/usr/lib/system/libxpc.dylib
0x00000000067f5000 	/usr/lib/libbz2.1.0.dylib
0x00000000067f5000 	/usr/lib/liblzma.5.dylib
0x00000000067f5000 	/usr/lib/libbsm.0.dylib
0x00000000067f5000 	/usr/lib/libsqlite3.dylib
0x00000000067f5000 	/usr/lib/system/libkxld.dylib
0x00000000067f5000 	/usr/lib/libxar.1.dylib
0x00000000067f5000 	/usr/lib/libpam.2.dylib
0x00000000067f5000 	/usr/lib/libOpenScriptingUtil.dylib
0x00000000067f5000 	/System/Library/Frameworks/CoreServices.framework/Versions/A/Frameworks/FSEvents.framework/Versions/A/FSEvents
0x00000000067f5000 	/System/Library/Frameworks/CoreServices.framework/Versions/A/Frameworks/CarbonCore.framework/Versions/A/CarbonCore
0x00000000067f5000 	/System/Library/Frameworks/CoreServices.framework/Versions/A/Frameworks/Metadata.framework/Versions/A/Metadata
0x00000000067f5000 	/System/Library/Frameworks/CoreServices.framework/Versions/A/Frameworks/OSServices.framework/Versions/A/OSServices
0x00000000067f5000 	/System/Library/Frameworks/CoreServices.framework/Versions/A/Frameworks/SearchKit.framework/Versions/A/SearchKit
0x00000000067f5000 	/System/Library/Frameworks/CoreServices.framework/Versions/A/Frameworks/AE.framework/Versions/A/AE
0x00000000067f5000 	/System/Library/Frameworks/CoreServices.framework/Versions/A/Frameworks/LaunchServices.framework/Versions/A/LaunchServices
0x00000000067f5000 	/System/Library/Frameworks/CoreServices.framework/Versions/A/Frameworks/DictionaryServices.framework/Versions/A/DictionaryServices
0x00000000067f5000 	/System/Library/Frameworks/NetFS.framework/Versions/A/NetFS
0x00000000067f5000 	/System/Library/PrivateFrameworks/NetAuth.framework/Versions/A/NetAuth
0x00000000067f5000 	/System/Library/PrivateFrameworks/login.framework/Versions/A/Frameworks/loginsupport.framework/Versions/A/loginsupport
0x00000000067f5000 	/System/Library/PrivateFrameworks/TCC.framework/Versions/A/TCC
0x00000000067f5000 	/usr/lib/libmecabra.dylib
0x00000000067f5000 	/System/Library/Frameworks/ApplicationServices.framework/Versions/A/Frameworks/ATS.framework/Versions/A/ATS
0x00000000067f5000 	/System/Library/Frameworks/ApplicationServices.framework/Versions/A/Frameworks/ColorSync.framework/Versions/A/ColorSync
0x00000000067f5000 	/System/Library/Frameworks/ApplicationServices.framework/Versions/A/Frameworks/HIServices.framework/Versions/A/HIServices
0x00000000067f5000 	/System/Library/Frameworks/ApplicationServices.framework/Versions/A/Frameworks/LangAnalysis.framework/Versions/A/LangAnalysis
0x00000000067f5000 	/System/Library/Frameworks/ApplicationServices.framework/Versions/A/Frameworks/PrintCore.framework/Versions/A/PrintCore
0x00000000067f5000 	/System/Library/Frameworks/ApplicationServices.framework/Versions/A/Frameworks/QD.framework/Versions/A/QD
0x00000000067f5000 	/System/Library/Frameworks/ApplicationServices.framework/Versions/A/Frameworks/SpeechSynthesis.framework/Versions/A/SpeechSynthesis
0x00000000067f5000 	/System/Library/Frameworks/Accelerate.framework/Versions/A/Accelerate
0x00000000067f5000 	/System/Library/Frameworks/Accelerate.framework/Versions/A/Frameworks/vImage.framework/Versions/A/vImage
0x00000000067f5000 	/System/Library/Frameworks/Accelerate.framework/Versions/A/Frameworks/vecLib.framework/Versions/A/vecLib
0x00000000067f5000 	/System/Library/Frameworks/Accelerate.framework/Versions/A/Frameworks/vecLib.framework/Versions/A/libvDSP.dylib
0x00000000067f5000 	/System/Library/Frameworks/Accelerate.framework/Versions/A/Frameworks/vecLib.framework/Versions/A/libvMisc.dylib
0x00000000067f5000 	/System/Library/Frameworks/Accelerate.framework/Versions/A/Frameworks/vecLib.framework/Versions/A/libLAPACK.dylib
0x00000000067f5000 	/System/Library/Frameworks/Accelerate.framework/Versions/A/Frameworks/vecLib.framework/Versions/A/libBLAS.dylib
0x00000000067f5000 	/System/Library/Frameworks/Accelerate.framework/Versions/A/Frameworks/vecLib.framework/Versions/A/libLinearAlgebra.dylib
0x00000000067f5000 	/System/Library/Frameworks/ApplicationServices.framework/Versions/A/Frameworks/ATS.framework/Versions/A/Resources/libFontParser.dylib
0x00000000067f5000 	/System/Library/Frameworks/ApplicationServices.framework/Versions/A/Frameworks/ATS.framework/Versions/A/Resources/libFontRegistry.dylib
0x00000000067f5000 	/System/Library/PrivateFrameworks/AppleVPA.framework/Versions/A/AppleVPA
0x00000000067f5000 	/System/Library/PrivateFrameworks/AppleJPEG.framework/Versions/A/AppleJPEG
0x00000000067f5000 	/System/Library/Frameworks/ImageIO.framework/Versions/A/Resources/libJPEG.dylib
0x00000000067f5000 	/System/Library/Frameworks/ImageIO.framework/Versions/A/Resources/libTIFF.dylib
0x00000000067f5000 	/System/Library/Frameworks/ImageIO.framework/Versions/A/Resources/libPng.dylib
0x00000000067f5000 	/System/Library/Frameworks/ImageIO.framework/Versions/A/Resources/libGIF.dylib
0x00000000067f5000 	/System/Library/Frameworks/ImageIO.framework/Versions/A/Resources/libJP2.dylib
0x00000000067f5000 	/System/Library/Frameworks/ImageIO.framework/Versions/A/Resources/libRadiance.dylib
0x00000000067f5000 	/System/Library/Frameworks/CoreVideo.framework/Versions/A/CoreVideo
0x00000000067f5000 	/System/Library/Frameworks/OpenGL.framework/Versions/A/Libraries/libGLU.dylib
0x00000000067f5000 	/System/Library/Frameworks/OpenGL.framework/Versions/A/Libraries/libGFXShared.dylib
0x00000000067f5000 	/System/Library/Frameworks/OpenGL.framework/Versions/A/Libraries/libGL.dylib
0x00000000067f5000 	/System/Library/Frameworks/OpenGL.framework/Versions/A/Libraries/libGLImage.dylib
0x00000000067f5000 	/System/Library/Frameworks/OpenGL.framework/Versions/A/Libraries/libCVMSPluginSupport.dylib
0x00000000067f5000 	/System/Library/Frameworks/OpenGL.framework/Versions/A/Libraries/libCoreVMClient.dylib
0x00000000067f5000 	/usr/lib/libcups.2.dylib
0x00000000067f5000 	/System/Library/Frameworks/Kerberos.framework/Versions/A/Kerberos
0x00000000067f5000 	/System/Library/Frameworks/GSS.framework/Versions/A/GSS
0x00000000067f5000 	/usr/lib/libresolv.9.dylib
0x00000000067f5000 	/usr/lib/libiconv.2.dylib
0x00000000067f5000 	/System/Library/PrivateFrameworks/Heimdal.framework/Versions/A/Heimdal
0x00000000067f5000 	/usr/lib/libheimdal-asn1.dylib
0x00000000067f5000 	/System/Library/Frameworks/OpenDirectory.framework/Versions/A/OpenDirectory
0x00000000067f5000 	/System/Library/PrivateFrameworks/CommonAuth.framework/Versions/A/CommonAuth
0x00000000067f5000 	/System/Library/Frameworks/OpenDirectory.framework/Versions/A/Frameworks/CFOpenDirectory.framework/Versions/A/CFOpenDirectory
0x00000000067f5000 	/System/Library/Frameworks/SecurityFoundation.framework/Versions/A/SecurityFoundation
0x00000000067f5000 	/System/Library/PrivateFrameworks/LanguageModeling.framework/Versions/A/LanguageModeling
0x00000000067f5000 	/usr/lib/libcmph.dylib
0x00000000067f5000 	/System/Library/Frameworks/ServiceManagement.framework/Versions/A/ServiceManagement
0x00000000067f5000 	/usr/lib/libxslt.1.dylib
0x00000000067f5000 	/System/Library/Frameworks/Carbon.framework/Versions/A/Frameworks/Ink.framework/Versions/A/Ink
0x00000000067f5000 	/System/Library/Frameworks/QuartzCore.framework/Versions/A/Frameworks/CoreImage.framework/Versions/A/CoreImage
0x00000000067f5000 	/System/Library/PrivateFrameworks/CrashReporterSupport.framework/Versions/A/CrashReporterSupport
0x00000000067f5000 	/System/Library/Frameworks/OpenCL.framework/Versions/A/OpenCL
0x00000000067f5000 	/System/Library/PrivateFrameworks/FaceCore.framework/Versions/A/FaceCore
0x00000000067f5000 	/System/Library/PrivateFrameworks/Ubiquity.framework/Versions/A/Ubiquity
0x00000000067f5000 	/System/Library/PrivateFrameworks/IconServices.framework/Versions/A/IconServices
0x00000000067f5000 	/System/Library/PrivateFrameworks/ChunkingLibrary.framework/Versions/A/ChunkingLibrary
0x00000000067f5000 	/System/Library/PrivateFrameworks/Apple80211.framework/Versions/A/Apple80211
0x00000000067f5000 	/System/Library/Frameworks/CoreWLAN.framework/Versions/A/CoreWLAN
0x00000000067f5000 	/System/Library/Frameworks/IOBluetooth.framework/Versions/A/IOBluetooth
0x00000000067f5000 	/System/Library/PrivateFrameworks/CoreWiFi.framework/Versions/A/CoreWiFi
0x00000000067f5000 	/System/Library/Frameworks/CoreBluetooth.framework/Versions/A/CoreBluetooth
0x00000000067f5000 	/System/Library/PrivateFrameworks/DebugSymbols.framework/Versions/A/DebugSymbols
0x00000000067f5000 	/System/Library/PrivateFrameworks/CoreSymbolication.framework/Versions/A/CoreSymbolication
0x00000000067f5000 	/System/Library/PrivateFrameworks/Symbolication.framework/Versions/A/Symbolication
0x00000000067f5000 	/System/Library/PrivateFrameworks/SpeechRecognitionCore.framework/Versions/A/SpeechRecognitionCore
0x0000000110a00000 	/Library/Java/JavaVirtualMachines/jdk1.8.0_45.jdk/Contents/Home/jre/lib/server/libjvm.dylib
0x00000000067f5000 	/usr/lib/libstdc++.6.dylib
0x000000011014d000 	/Library/Java/JavaVirtualMachines/jdk1.8.0_45.jdk/Contents/Home/jre/lib/libverify.dylib
0x000000011015b000 	/Library/Java/JavaVirtualMachines/jdk1.8.0_45.jdk/Contents/Home/jre/lib/libjava.dylib
0x0000000110191000 	/Library/Java/JavaVirtualMachines/jdk1.8.0_45.jdk/Contents/Home/jre/lib/libjdwp.dylib
0x00000001101dc000 	/Library/Java/JavaVirtualMachines/jdk1.8.0_45.jdk/Contents/Home/jre/lib/libnpt.dylib
0x00000001101e9000 	/Library/Java/JavaVirtualMachines/jdk1.8.0_45.jdk/Contents/Home/jre/lib/libzip.dylib
0x0000000125477000 	/System/Library/Frameworks/JavaVM.framework/Frameworks/JavaRuntimeSupport.framework/JavaRuntimeSupport
0x000000012548f000 	/System/Library/Frameworks/JavaVM.framework/Versions/A/Frameworks/JavaNativeFoundation.framework/Versions/A/JavaNativeFoundation
0x00000001101f3000 	/System/Library/Frameworks/JavaVM.framework/Versions/A/JavaVM
0x00000000067f5000 	/System/Library/Frameworks/Carbon.framework/Versions/A/Carbon
0x00000001254a4000 	/System/Library/PrivateFrameworks/JavaLaunching.framework/Versions/A/JavaLaunching
0x00000000067f5000 	/System/Library/Frameworks/Carbon.framework/Versions/A/Frameworks/CommonPanels.framework/Versions/A/CommonPanels
0x00000000067f5000 	/System/Library/Frameworks/Carbon.framework/Versions/A/Frameworks/Help.framework/Versions/A/Help
0x00000000067f5000 	/System/Library/Frameworks/Carbon.framework/Versions/A/Frameworks/ImageCapture.framework/Versions/A/ImageCapture
0x00000000067f5000 	/System/Library/Frameworks/Carbon.framework/Versions/A/Frameworks/OpenScripting.framework/Versions/A/OpenScripting
0x00000000067f5000 	/System/Library/Frameworks/Carbon.framework/Versions/A/Frameworks/Print.framework/Versions/A/Print
0x00000000067f5000 	/System/Library/Frameworks/Carbon.framework/Versions/A/Frameworks/SecurityHI.framework/Versions/A/SecurityHI
0x0000000126e0c000 	/Library/Java/JavaVirtualMachines/jdk1.8.0_45.jdk/Contents/Home/jre/lib/libdt_socket.dylib

VM Arguments:
jvm_args: -agentlib:jdwp=transport=dt_socket,suspend=y,address=localhost:55422 -Dfile.encoding=UTF-8 
java_command: ss.grupo3.tp4.Start
java_class_path (initial): /Users/user/SS-TPS/TP4/target/classes
Launcher Type: SUN_STANDARD

Environment Variables:
PATH=/usr/bin:/bin:/usr/sbin:/sbin
SHELL=/bin/bash
DISPLAY=/private/tmp/com.apple.launchd.8JEgOI0S2p/org.macosforge.xquartz:0

Signal Handlers:
SIGSEGV: [libjvm.dylib+0x58ef95], sa_mask[0]=11111111011111110111111111111111, sa_flags=SA_ONSTACK|SA_RESTART|SA_SIGINFO
SIGBUS: [libjvm.dylib+0x58ef95], sa_mask[0]=11111111011111110111111111111111, sa_flags=SA_RESTART|SA_SIGINFO
SIGFPE: [libjvm.dylib+0x46c108], sa_mask[0]=11111111011111110111111111111111, sa_flags=SA_RESTART|SA_SIGINFO
SIGPIPE: [libjvm.dylib+0x46c108], sa_mask[0]=11111111011111110111111111111111, sa_flags=SA_RESTART|SA_SIGINFO
SIGXFSZ: [libjvm.dylib+0x46c108], sa_mask[0]=11111111011111110111111111111111, sa_flags=SA_RESTART|SA_SIGINFO
SIGILL: [libjvm.dylib+0x46c108], sa_mask[0]=11111111011111110111111111111111, sa_flags=SA_RESTART|SA_SIGINFO
SIGUSR1: SIG_DFL, sa_mask[0]=00000000000000000000000000000000, sa_flags=none
SIGUSR2: [libjvm.dylib+0x46bc26], sa_mask[0]=00100000000000000000000000000000, sa_flags=SA_RESTART|SA_SIGINFO
SIGHUP: [libjvm.dylib+0x46a1f9], sa_mask[0]=11111111011111110111111111111111, sa_flags=SA_RESTART|SA_SIGINFO
SIGINT: [libjvm.dylib+0x46a1f9], sa_mask[0]=11111111011111110111111111111111, sa_flags=SA_RESTART|SA_SIGINFO
SIGTERM: [libjvm.dylib+0x46a1f9], sa_mask[0]=11111111011111110111111111111111, sa_flags=SA_RESTART|SA_SIGINFO
SIGQUIT: [libjvm.dylib+0x46a1f9], sa_mask[0]=11111111011111110111111111111111, sa_flags=SA_RESTART|SA_SIGINFO


---------------  S Y S T E M  ---------------

OS:Bsduname:Darwin 14.5.0 Darwin Kernel Version 14.5.0: Thu Jun 16 19:58:21 PDT 2016; root:xnu-2782.50.4~1/RELEASE_X86_64 x86_64
rlimit: STACK 8192k, CORE 0k, NPROC 709, NOFILE 10240, AS infinity
load average:1.24 1.48 1.49

CPU:total 4 (2 cores per cpu, 2 threads per core) family 6 model 58 stepping 9, cmov, cx8, fxsr, mmx, sse, sse2, sse3, ssse3, sse4.1, sse4.2, popcnt, avx, aes, clmul, erms, ht, tsc, tscinvbit, tscinv

Memory: 4k page, physical 4194304k(15884k free)

/proc/meminfo:


vm_info: Java HotSpot(TM) 64-Bit Server VM (25.45-b02) for bsd-amd64 JRE (1.8.0_45-b14), built on Apr 10 2015 10:46:38 by "java_re" with gcc 4.2.1 (Based on Apple Inc. build 5658) (LLVM build 2336.11.00)

time: Thu Sep 29 10:04:44 2016
elapsed time: 511 seconds (0d 0h 8m 31s)

